p11-kit: 'ret >=0' not true at loader_load_directory

(chromium:6708): Gtk-WARNING **: 00:29:48.980: Theme parsing error: gtk.css:68:35: The style property GtkButton:child-displacement-x is deprecated and shouldn't be used anymore. It will be removed in a future version

(chromium:6708): Gtk-WARNING **: 00:29:48.980: Theme parsing error: gtk.css:69:35: The style property GtkButton:child-displacement-y is deprecated and shouldn't be used anymore. It will be removed in a future version

(chromium:6708): Gtk-WARNING **: 00:29:48.980: Theme parsing error: gtk.css:73:46: The style property GtkScrolledWindow:scrollbars-within-bevel is deprecated and shouldn't be used anymore. It will be removed in a future version

(chromium:6725): Gtk-WARNING **: 00:29:48.992: Theme parsing error: gtk.css:68:35: The style property GtkButton:child-displacement-x is deprecated and shouldn't be used anymore. It will be removed in a future version

(chromium:6725): Gtk-WARNING **: 00:29:48.992: Theme parsing error: gtk.css:69:35: The style property GtkButton:child-displacement-y is deprecated and shouldn't be used anymore. It will be removed in a future version

(chromium:6674): Gtk-WARNING **: 00:29:48.992: Theme parsing error: gtk.css:68:35: The style property GtkButton:child-displacement-x is deprecated and shouldn't be used anymore. It will be removed in a future version

(chromium:6725): Gtk-WARNING **: 00:29:48.992: Theme parsing error: gtk.css:73:46: The style property GtkScrolledWindow:scrollbars-within-bevel is deprecated and shouldn't be used anymore. It will be removed in a future version

(chromium:6674): Gtk-WARNING **: 00:29:48.992: Theme parsing error: gtk.css:69:35: The style property GtkButton:child-displacement-y is deprecated and shouldn't be used anymore. It will be removed in a future version

(chromium:6674): Gtk-WARNING **: 00:29:48.992: Theme parsing error: gtk.css:73:46: The style property GtkScrolledWindow:scrollbars-within-bevel is deprecated and shouldn't be used anymore. It will be removed in a future version

(chromium:6689): Gtk-WARNING **: 00:29:48.996: Theme parsing error: gtk.css:68:35: The style property GtkButton:child-displacement-x is deprecated and shouldn't be used anymore. It will be removed in a future version

(chromium:6689): Gtk-WARNING **: 00:29:48.996: Theme parsing error: gtk.css:69:35: The style property GtkButton:child-displacement-y is deprecated and shouldn't be used anymore. It will be removed in a future version

(chromium:6689): Gtk-WARNING **: 00:29:48.996: Theme parsing error: gtk.css:73:46: The style property GtkScrolledWindow:scrollbars-within-bevel is deprecated and shouldn't be used anymore. It will be removed in a future version

(chromium:6691): Gtk-WARNING **: 00:29:49.004: Theme parsing error: gtk.css:68:35: The style property GtkButton:child-displacement-x is deprecated and shouldn't be used anymore. It will be removed in a future version

(chromium:6691): Gtk-WARNING **: 00:29:49.005: Theme parsing error: gtk.css:69:35: The style property GtkButton:child-displacement-y is deprecated and shouldn't be used anymore. It will be removed in a future version

(chromium:6691): Gtk-WARNING **: 00:29:49.005: Theme parsing error: gtk.css:73:46: The style property GtkScrolledWindow:scrollbars-within-bevel is deprecated and shouldn't be used anymore. It will be removed in a future version

(chromium:6747): Gtk-WARNING **: 00:29:49.091: Theme parsing error: gtk.css:68:35: The style property GtkButton:child-displacement-x is deprecated and shouldn't be used anymore. It will be removed in a future version

(chromium:6747): Gtk-WARNING **: 00:29:49.091: Theme parsing error: gtk.css:69:35: The style property GtkButton:child-displacement-y is deprecated and shouldn't be used anymore. It will be removed in a future version

(chromium:6747): Gtk-WARNING **: 00:29:49.091: Theme parsing error: gtk.css:73:46: The style property GtkScrolledWindow:scrollbars-within-bevel is deprecated and shouldn't be used anymore. It will be removed in a future version
[6864:6864:0311/002950.301462:ERROR:vaapi_wrapper.cc(324)] vaInitialize failed: unknown libva error
[6859:6859:0311/002950.301462:ERROR:vaapi_wrapper.cc(324)] vaInitialize failed: unknown libva error
[6858:6858:0311/002950.302138:ERROR:vaapi_wrapper.cc(324)] vaInitialize failed: unknown libva error
[6860:6860:0311/002950.303887:ERROR:vaapi_wrapper.cc(324)] vaInitialize failed: unknown libva error
[6866:6866:0311/002950.325388:ERROR:vaapi_wrapper.cc(324)] vaInitialize failed: unknown libva error
[6863:6863:0311/002950.489931:ERROR:vaapi_wrapper.cc(324)] vaInitialize failed: unknown libva error
p11-kit: 'ret >=0' not true at loader_load_directory
p11-kit: 'ret >=0' not true at loader_load_directory
p11-kit: 'ret >=0' not true at loader_load_directory
p11-kit: 'ret >=0' not true at loader_load_directory
p11-kit: 'ret >=0' not true at loader_load_directory
p11-kit: 'ret >=0' not true at loader_load_directory
p11-kit: 'ret >=0' not true at loader_load_directory
p11-kit: 'ret >=0' not true at loader_load_directory
p11-kit: 'ret >=0' not true at loader_load_directory
p11-kit: 'ret >=0' not true at loader_load_directory
p11-kit: 'ret >=0' not true at loader_load_directory
p11-kit: 'ret >=0' not true at loader_load_directory
p11-kit: 'ret >=0' not true at loader_load_directory
p11-kit: 'ret >=0' not true at loader_load_directory
p11-kit: 'ret >=0' not true at loader_load_directory
p11-kit: 'ret >=0' not true at loader_load_directory
p11-kit: 'ret >=0' not true at loader_load_directory
p11-kit: 'ret >=0' not true at loader_load_directory
p11-kit: 'ret >=0' not true at loader_load_directory
p11-kit: 'ret >=0' not true at loader_load_directory
Opening in existing browser session.
Opening in existing browser session.
Opening in existing browser session.
Opening in existing browser session.
Opening in existing browser session.
p11-kit: 'ret >=0' not true at loader_load_directory
p11-kit: 'ret >=0' not true at loader_load_directory
p11-kit: 'ret >=0' not true at loader_load_directory
p11-kit: 'ret >=0' not true at loader_load_directory
p11-kit: 'ret >=0' not true at loader_load_directory
p11-kit: 'ret >=0' not true at loader_load_directory
p11-kit: 'ret >=0' not true at loader_load_directory
p11-kit: 'ret >=0' not true at loader_load_directory
p11-kit: 'ret >=0' not true at loader_load_directory
p11-kit: 'ret >=0' not true at loader_load_directory
[6674:7106:0311/003016.494520:ERROR:object_proxy.cc(621)] Failed to call method: org.freedesktop.Notifications.GetCapabilities: object_path= /org/freedesktop/Notifications: org.freedesktop.DBus.Error.NoReply: Did not receive a reply. Possible causes include: the remote application did not send a reply, the message bus security policy blocked the reply, the reply timeout expired, or the network connection was broken.
HELLO WORLD!XIO:  fatal IO error 11 (Resource temporarily unavailable) on X server ":0"
      after 10 requests (10 known processed) with 0 events remaining.
XIO:  fatal IO error 11 (Resource temporarily unavailable) on X server ":0"
      after 10 requests (10 known processed) with 0 events remaining.
VST sync support disabled in your configuration
Cannot load library /usr/lib/lmms/libcarlapatchbay.so: (libcarlabase.so: cannot open shared object file: No such file or directory)
Cannot load library /usr/lib/lmms/libcarlabase.so: (libcarla_native-plugin.so: cannot open shared object file: No such file or directory)
Cannot load library /usr/lib/lmms/libcarlarack.so: (libcarlabase.so: cannot open shared object file: No such file or directory)
Connection established.

Stream successfully created

Notice: could not set realtime priority.
Couldn't create MIDI-client, neither with ALSA nor with OSS. Will use dummy-MIDI-client.
p11-kit: 'ret >=0' not true at loader_load_directory
1552260061151	addons.manager	DEBUG	Loaded provider scope for resource://gre/modules/addons/XPIProvider.jsm: ["XPIProvider"]
1552260061169	addons.manager	DEBUG	Loaded provider scope for resource://gre/modules/LightweightThemeManager.jsm: ["LightweightThemeManager"]
1552260061361	addons.manager	DEBUG	Loaded provider scope for resource://gre/modules/addons/GMPProvider.jsm
1552260061379	addons.manager	DEBUG	Loaded provider scope for resource://gre/modules/addons/PluginProvider.jsm
1552260061380	addons.manager	DEBUG	Starting provider: XPIProvider
1552260061381	addons.xpi	DEBUG	startup
1552260061384	addons.xpi	INFO	Mapping langpack-en-US@bluegriffon.org to /home/ruudi/.disruptive innovations sarl/bluegriffon/x42xjzop.default/extensions/langpack-en-US@bluegriffon.org.xpi
1552260061384	addons.xpi	INFO	SystemAddonInstallLocation directory is missing
1552260061386	addons.xpi	DEBUG	checkForChanges
1552260061386	addons.xpi	INFO	SystemAddonInstallLocation directory is missing
1552260061388	addons.xpi	DEBUG	Loaded add-on state from prefs: {"app-profile":{"langpack-en-US@bluegriffon.org":{"d":"/home/ruudi/.disruptive innovations sarl/bluegriffon/x42xjzop.default/extensions/langpack-en-US@bluegriffon.org.xpi","e":true,"v":"3.1","st":1552143794000}}}
1552260061389	addons.xpi	DEBUG	getModTime: Recursive scan of langpack-en-US@bluegriffon.org
1552260061390	addons.xpi	DEBUG	Existing add-on langpack-en-US@bluegriffon.org in app-profile
1552260061392	addons.xpi	DEBUG	getInstallState changed: false, state: {"app-profile":{"langpack-en-US@bluegriffon.org":{"d":"/home/ruudi/.disruptive innovations sarl/bluegriffon/x42xjzop.default/extensions/langpack-en-US@bluegriffon.org.xpi","e":true,"v":"3.1","st":1552143794000}}}
1552260061412	addons.xpi	DEBUG	No changes found
1552260061412	addons.xpi	DEBUG	Add-ons list is invalid, rebuilding
1552260061456	addons.xpi-utils	DEBUG	Opening XPI database /home/ruudi/.disruptive innovations sarl/bluegriffon/x42xjzop.default/extensions.json
1552260061477	addons.xpi-utils	DEBUG	Successfully read XPI database
1552260061479	addons.xpi	DEBUG	Registering manifest for /home/ruudi/.disruptive innovations sarl/bluegriffon/x42xjzop.default/extensions/langpack-en-US@bluegriffon.org.xpi
1552260061523	addons.manager	DEBUG	Registering shutdown blocker for XPIProvider
1552260061524	addons.manager	DEBUG	Provider finished startup: XPIProvider
1552260061524	addons.manager	DEBUG	Starting provider: LightweightThemeManager
1552260061524	addons.manager	DEBUG	Registering shutdown blocker for LightweightThemeManager
1552260061524	addons.manager	DEBUG	Provider finished startup: LightweightThemeManager
1552260061525	addons.manager	DEBUG	Starting provider: GMPProvider
1552260061569	addons.manager	DEBUG	Registering shutdown blocker for GMPProvider
1552260061569	addons.manager	DEBUG	Provider finished startup: GMPProvider
1552260061569	addons.manager	DEBUG	Starting provider: PluginProvider
1552260061570	addons.manager	DEBUG	Registering shutdown blocker for PluginProvider
1552260061570	addons.manager	DEBUG	Provider finished startup: PluginProvider
1552260061571	addons.manager	DEBUG	Completed startup sequence
*** Blocklist::_loadBlocklist: no XML File found
1552260067698	addons.manager	DEBUG	shutdown
1552260067699	addons.manager	DEBUG	Calling shutdown blocker for XPIProvider
1552260067699	addons.xpi	DEBUG	shutdown
1552260067699	addons.xpi-utils	DEBUG	shutdown
1552260067700	addons.manager	DEBUG	Calling shutdown blocker for LightweightThemeManager
1552260067701	addons.manager	DEBUG	Calling shutdown blocker for GMPProvider
1552260067705	addons.manager	DEBUG	Calling shutdown blocker for PluginProvider
1552260067710	addons.xpi	DEBUG	Notifying XPI shutdown observers
1552260067725	addons.manager	DEBUG	Async provider shutdown done

(mockingbot:24052): Gtk-WARNING **: 01:21:39.037: Theme parsing error: gtk.css:68:35: The style property GtkButton:child-displacement-x is deprecated and shouldn't be used anymore. It will be removed in a future version

(mockingbot:24052): Gtk-WARNING **: 01:21:39.037: Theme parsing error: gtk.css:69:35: The style property GtkButton:child-displacement-y is deprecated and shouldn't be used anymore. It will be removed in a future version

(mockingbot:24052): Gtk-WARNING **: 01:21:39.037: Theme parsing error: gtk.css:73:46: The style property GtkScrolledWindow:scrollbars-within-bevel is deprecated and shouldn't be used anymore. It will be removed in a future version
(electron) 'app.makeSingleInstance(cb)' is deprecated. Use 'app.requestSingleInstanceLock() and app.on('second-instance', cb)' instead.
p11-kit: 'ret >=0' not true at loader_load_directory
p11-kit: 'ret >=0' not true at loader_load_directory
p11-kit: 'ret >=0' not true at loader_load_directory
p11-kit: 'ret >=0' not true at loader_load_directory
p11-kit: 'ret >=0' not true at loader_load_directory
p11-kit: 'ret >=0' not true at loader_load_directory
p11-kit: 'ret >=0' not true at loader_load_directory
p11-kit: 'ret >=0' not true at loader_load_directory
p11-kit: 'ret >=0' not true at loader_load_directory
p11-kit: 'ret >=0' not true at loader_load_directory
p11-kit: 'ret >=0' not true at loader_load_directory
p11-kit: 'ret >=0' not true at loader_load_directory
p11-kit: 'ret >=0' not true at loader_load_directory
p11-kit: 'ret >=0' not true at loader_load_directory
p11-kit: 'ret >=0' not true at loader_load_directory
p11-kit: 'ret >=0' not true at loader_load_directory
p11-kit: 'ret >=0' not true at loader_load_directory
p11-kit: 'ret >=0' not true at loader_load_directory
p11-kit: 'ret >=0' not true at loader_load_directory
p11-kit: 'ret >=0' not true at loader_load_directory
p11-kit: 'ret >=0' not true at loader_load_directory
p11-kit: 'ret >=0' not true at loader_load_directory
p11-kit: 'ret >=0' not true at loader_load_directory
p11-kit: 'ret >=0' not true at loader_load_directory
p11-kit: 'ret >=0' not true at loader_load_directory
p11-kit: 'ret >=0' not true at loader_load_directory
p11-kit: 'ret >=0' not true at loader_load_directory
p11-kit: 'ret >=0' not true at loader_load_directory
p11-kit: 'ret >=0' not true at loader_load_directory
p11-kit: 'ret >=0' not true at loader_load_directory
p11-kit: 'ret >=0' not true at loader_load_directory
p11-kit: 'ret >=0' not true at loader_load_directory
p11-kit: 'ret >=0' not true at loader_load_directory
p11-kit: 'ret >=0' not true at loader_load_directory
p11-kit: 'ret >=0' not true at loader_load_directory
p11-kit: 'ret >=0' not true at loader_load_directory
p11-kit: 'ret >=0' not true at loader_load_directory
p11-kit: 'ret >=0' not true at loader_load_directory
p11-kit: 'ret >=0' not true at loader_load_directory
p11-kit: 'ret >=0' not true at loader_load_directory
p11-kit: 'ret >=0' not true at loader_load_directory
p11-kit: 'ret >=0' not true at loader_load_directory
p11-kit: 'ret >=0' not true at loader_load_directory
p11-kit: 'ret >=0' not true at loader_load_directory
p11-kit: 'ret >=0' not true at loader_load_directory
p11-kit: 'ret >=0' not true at loader_load_directory
p11-kit: 'ret >=0' not true at loader_load_directory
p11-kit: 'ret >=0' not true at loader_load_directory
p11-kit: 'ret >=0' not true at loader_load_directory
p11-kit: 'ret >=0' not true at loader_load_directory
p11-kit: 'ret >=0' not true at loader_load_directory
p11-kit: 'ret >=0' not true at loader_load_directory
p11-kit: 'ret >=0' not true at loader_load_directory
p11-kit: 'ret >=0' not true at loader_load_directory
p11-kit: 'ret >=0' not true at loader_load_directory
p11-kit: 'ret >=0' not true at loader_load_directory
p11-kit: 'ret >=0' not true at loader_load_directory
p11-kit: 'ret >=0' not true at loader_load_directory
p11-kit: 'ret >=0' not true at loader_load_directory
p11-kit: 'ret >=0' not true at loader_load_directory
p11-kit: 'ret >=0' not true at loader_load_directory
p11-kit: 'ret >=0' not true at loader_load_directory
p11-kit: 'ret >=0' not true at loader_load_directory
p11-kit: 'ret >=0' not true at loader_load_directory
p11-kit: 'ret >=0' not true at loader_load_directory
p11-kit: 'ret >=0' not true at loader_load_directory
p11-kit: 'ret >=0' not true at loader_load_directory
p11-kit: 'ret >=0' not true at loader_load_directory
p11-kit: 'ret >=0' not true at loader_load_directory
p11-kit: 'ret >=0' not true at loader_load_directory
p11-kit: 'ret >=0' not true at loader_load_directory
p11-kit: 'ret >=0' not true at loader_load_directory
p11-kit: 'ret >=0' not true at loader_load_directory
p11-kit: 'ret >=0' not true at loader_load_directory
p11-kit: 'ret >=0' not true at loader_load_directory
p11-kit: 'ret >=0' not true at loader_load_directory
p11-kit: 'ret >=0' not true at loader_load_directory
p11-kit: 'ret >=0' not true at loader_load_directory
p11-kit: 'ret >=0' not true at loader_load_directory
p11-kit: 'ret >=0' not true at loader_load_directory
p11-kit: 'ret >=0' not true at loader_load_directory
p11-kit: 'ret >=0' not true at loader_load_directory
p11-kit: 'ret >=0' not true at loader_load_directory
p11-kit: 'ret >=0' not true at loader_load_directory
p11-kit: 'ret >=0' not true at loader_load_directory
p11-kit: 'ret >=0' not true at loader_load_directory
p11-kit: 'ret >=0' not true at loader_load_directory
p11-kit: 'ret >=0' not true at loader_load_directory
p11-kit: 'ret >=0' not true at loader_load_directory
p11-kit: 'ret >=0' not true at loader_load_directory
p11-kit: 'ret >=0' not true at loader_load_directory
p11-kit: 'ret >=0' not true at loader_load_directory
p11-kit: 'ret >=0' not true at loader_load_directory
p11-kit: 'ret >=0' not true at loader_load_directory
p11-kit: 'ret >=0' not true at loader_load_directory
p11-kit: 'ret >=0' not true at loader_load_directory
p11-kit: 'ret >=0' not true at loader_load_directory
p11-kit: 'ret >=0' not true at loader_load_directory
p11-kit: 'ret >=0' not true at loader_load_directory
p11-kit: 'ret >=0' not true at loader_load_directory
p11-kit: 'ret >=0' not true at loader_load_directory
p11-kit: 'ret >=0' not true at loader_load_directory
p11-kit: 'ret >=0' not true at loader_load_directory
p11-kit: 'ret >=0' not true at loader_load_directory
p11-kit: 'ret >=0' not true at loader_load_directory
p11-kit: 'ret >=0' not true at loader_load_directory
p11-kit: 'ret >=0' not true at loader_load_directory
p11-kit: 'ret >=0' not true at loader_load_directory
p11-kit: 'ret >=0' not true at loader_load_directory
p11-kit: 'ret >=0' not true at loader_load_directory
p11-kit: 'ret >=0' not true at loader_load_directory
p11-kit: 'ret >=0' not true at loader_load_directory
p11-kit: 'ret >=0' not true at loader_load_directory
p11-kit: 'ret >=0' not true at loader_load_directory
p11-kit: 'ret >=0' not true at loader_load_directory
p11-kit: 'ret >=0' not true at loader_load_directory
p11-kit: 'ret >=0' not true at loader_load_directory
p11-kit: 'ret >=0' not true at loader_load_directory
p11-kit: 'ret >=0' not true at loader_load_directory
p11-kit: 'ret >=0' not true at loader_load_directory
p11-kit: 'ret >=0' not true at loader_load_directory
p11-kit: 'ret >=0' not true at loader_load_directory
p11-kit: 'ret >=0' not true at loader_load_directory
p11-kit: 'ret >=0' not true at loader_load_directory
p11-kit: 'ret >=0' not true at loader_load_directory
p11-kit: 'ret >=0' not true at loader_load_directory
p11-kit: 'ret >=0' not true at loader_load_directory
p11-kit: 'ret >=0' not true at loader_load_directory
p11-kit: 'ret >=0' not true at loader_load_directory
p11-kit: 'ret >=0' not true at loader_load_directory
p11-kit: 'ret >=0' not true at loader_load_directory
p11-kit: 'ret >=0' not true at loader_load_directory
p11-kit: 'ret >=0' not true at loader_load_directory
p11-kit: 'ret >=0' not true at loader_load_directory
p11-kit: 'ret >=0' not true at loader_load_directory
p11-kit: 'ret >=0' not true at loader_load_directory
p11-kit: 'ret >=0' not true at loader_load_directory
p11-kit: 'ret >=0' not true at loader_load_directory
p11-kit: 'ret >=0' not true at loader_load_directory
p11-kit: 'ret >=0' not true at loader_load_directory
p11-kit: 'ret >=0' not true at loader_load_directory
p11-kit: 'ret >=0' not true at loader_load_directory
p11-kit: 'ret >=0' not true at loader_load_directory
p11-kit: 'ret >=0' not true at loader_load_directory
p11-kit: 'ret >=0' not true at loader_load_directory
p11-kit: 'ret >=0' not true at loader_load_directory
p11-kit: 'ret >=0' not true at loader_load_directory
p11-kit: 'ret >=0' not true at loader_load_directory
p11-kit: 'ret >=0' not true at loader_load_directory
p11-kit: 'ret >=0' not true at loader_load_directory
p11-kit: 'ret >=0' not true at loader_load_directory
p11-kit: 'ret >=0' not true at loader_load_directory
p11-kit: 'ret >=0' not true at loader_load_directory
p11-kit: 'ret >=0' not true at loader_load_directory
p11-kit: 'ret >=0' not true at loader_load_directory
p11-kit: 'ret >=0' not true at loader_load_directory
p11-kit: 'ret >=0' not true at loader_load_directory
p11-kit: 'ret >=0' not true at loader_load_directory
p11-kit: 'ret >=0' not true at loader_load_directory
p11-kit: 'ret >=0' not true at loader_load_directory
p11-kit: 'ret >=0' not true at loader_load_directory
p11-kit: 'ret >=0' not true at loader_load_directory
p11-kit: 'ret >=0' not true at loader_load_directory
p11-kit: 'ret >=0' not true at loader_load_directory
p11-kit: 'ret >=0' not true at loader_load_directory
p11-kit: 'ret >=0' not true at loader_load_directory
p11-kit: 'ret >=0' not true at loader_load_directory
p11-kit: 'ret >=0' not true at loader_load_directory
p11-kit: 'ret >=0' not true at loader_load_directory
p11-kit: 'ret >=0' not true at loader_load_directory
p11-kit: 'ret >=0' not true at loader_load_directory
p11-kit: 'ret >=0' not true at loader_load_directory
p11-kit: 'ret >=0' not true at loader_load_directory
p11-kit: 'ret >=0' not true at loader_load_directory
p11-kit: 'ret >=0' not true at loader_load_directory
p11-kit: 'ret >=0' not true at loader_load_directory
p11-kit: 'ret >=0' not true at loader_load_directory
p11-kit: 'ret >=0' not true at loader_load_directory
p11-kit: 'ret >=0' not true at loader_load_directory
p11-kit: 'ret >=0' not true at loader_load_directory
p11-kit: 'ret >=0' not true at loader_load_directory
p11-kit: 'ret >=0' not true at loader_load_directory
p11-kit: 'ret >=0' not true at loader_load_directory
p11-kit: 'ret >=0' not true at loader_load_directory
p11-kit: 'ret >=0' not true at loader_load_directory
p11-kit: 'ret >=0' not true at loader_load_directory
p11-kit: 'ret >=0' not true at loader_load_directory
p11-kit: 'ret >=0' not true at loader_load_directory
p11-kit: 'ret >=0' not true at loader_load_directory
p11-kit: 'ret >=0' not true at loader_load_directory
p11-kit: 'ret >=0' not true at loader_load_directory
p11-kit: 'ret >=0' not true at loader_load_directory
p11-kit: 'ret >=0' not true at loader_load_directory
p11-kit: 'ret >=0' not true at loader_load_directory
p11-kit: 'ret >=0' not true at loader_load_directory
p11-kit: 'ret >=0' not true at loader_load_directory
p11-kit: 'ret >=0' not true at loader_load_directory
p11-kit: 'ret >=0' not true at loader_load_directory
p11-kit: 'ret >=0' not true at loader_load_directory
p11-kit: 'ret >=0' not true at loader_load_directory
Hardware acceleration disabled for Linux.
p11-kit: 'ret >=0' not true at loader_load_directory
p11-kit: 'ret >=0' not true at loader_load_directory
Background web-printer started.
RENDERER started.
VST sync support disabled in your configuration
Cannot load library /usr/lib/lmms/libcarlabase.so: (libcarla_native-plugin.so: cannot open shared object file: No such file or directory)
Cannot load library /usr/lib/lmms/libcarlapatchbay.so: (libcarlabase.so: cannot open shared object file: No such file or directory)
Cannot load library /usr/lib/lmms/libcarlarack.so: (libcarlabase.so: cannot open shared object file: No such file or directory)
Connection established.

Stream successfully created

Notice: could not set realtime priority.
Couldn't create MIDI-client, neither with ALSA nor with OSS. Will use dummy-MIDI-client.
XIO:  fatal IO error 11 (Resource temporarily unavailable) on X server ":0"
      after 9 requests (9 known processed) with 0 events remaining.
XIO:  fatal IO error 11 (Resource temporarily unavailable) on X server ":0"
      after 9 requests (9 known processed) with 0 events remaining.
/home/ruudi
app
bspwmrc
config
data
fonts
home
install.sh
nohup.out
readme.md
script.sh
start.sh
sxhkdrc
tmux
vim
app
bspwmrc
config
data
fonts
home
install.sh
nohup.out
readme.md
script.sh
start.sh
sxhkdrc
tmux
vim
XIO:  fatal IO error 11 (Resource temporarily unavailable) on X server ":0"
      after 50 requests (50 known processed) with 0 events remaining.
XIO:  fatal IO error 11 (Resource temporarily unavailable) on X server ":0"
      after 50 requests (50 known processed) with 0 events remaining.
XIO:  fatal IO error 11 (Resource temporarily unavailable) on X server ":0"
      after 50 requests (50 known processed) with 0 events remaining.
XIO:  fatal IO error 11 (Resource temporarily unavailable) on X server ":0"
      after 50 requests (50 known processed) with 0 events remaining.
EVENT RECEIVED
HANDLE TIMER HERE
HANDLE TIMER HERE
HANDLE TIMER HERE
HANDLE TIMER HERE
HANDLE TIMER HERE
HANDLE TIMER HERE
EVENT RECEIVED
EVENT RECEIVED
HANDLE TIMER HERE
HANDLE TIMER HERE
HANDLE TIMER HERE
HANDLE TIMER HERE
HANDLE TIMER HERE
EVENT RECEIVED
02:32:44 INFO: Opening in existing instance
02:33:16 INFO: Opening in existing instance
02:33:22 INFO: Opening in existing instance
02:36:14 INFO: Opening in existing instance
